AFGABADD
AFGABDAD
AFGABDDA
AFGAABDD
AFGAADBD
AFGAADDB
AFGADBAD
AFGADBDA
AFGADABD
AFGADADB
AFGADDBA
AFGADDAB
AFGBAADD
AFGBADAD
AFGBADDA
AFGBDAAD
AFGBDADA
AFGBDDAA
AFGDABAD
AFGDABDA
AFGDAABD
AFGDAADB
AFGDADBA
AFGDADAB
AFGDBAAD
AFGDBADA
AFGDBDAA
AFGDDABA
AFGDDAAB
AFGDDBAA
AFAGBADD
AFAGBDAD
AFAGBDDA
AFAGABDD
AFAGADBD
AFAGADDB
AFAGDBAD
AFAGDBDA
AFAGDABD
AFAGDADB
AFAGDDBA
AFAGDDAB
AFABGADD
AFABGDAD
AFABGDDA
AFABAGDD
AFABADGD
AFABADDG
AFABDGAD
AFABDGDA
AFABDAGD
AFABDADG
AFABDDGA
AFABDDAG
AFAAGBDD
AFAAGDBD
AFAAGDDB
AFAABGDD
AFAABDGD
AFAABDDG
AFAADGBD
AFAADGDB
AFAADBGD
AFAADBDG
AFAADDGB
AFAADDBG
AFADGBAD
AFADGBDA
AFADGABD
AFADGADB
AFADGDBA
AFADGDAB
AFADBGAD
AFADBGDA
AFADBAGD
AFADBADG
AFADBDGA
AFADBDAG
AFADAGBD
AFADAGDB
AFADABGD
AFADABDG
AFADADGB
AFADADBG
AFADDGBA
AFADDGAB
AFADDBGA
AFADDBAG
AFADDAGB
AFADDABG
AFBGAADD
AFBGADAD
AFBGADDA
AFBGDAAD
AFBGDADA
AFBGDDAA
AFBAGADD
AFBAGDAD
AFBAGDDA
AFBAAGDD
AFBAADGD
AFBAADDG
AFBADGAD
AFBADGDA
AFBADAGD
AFBADADG
AFBADDGA
AFBADDAG
AFBDGAAD
AFBDGADA
AFBDGDAA
AFBDAGAD
AFBDAGDA
AFBDAAGD
AFBDAADG
AFBDADGA
AFBDADAG
AFBDDGAA
AFBDDAGA
AFBDDAAG
AFDGABAD
AFDGABDA
AFDGAABD
AFDGAADB
AFDGADBA
AFDGADAB
AFDGBAAD
AFDGBADA
AFDGBDAA
AFDGDABA
AFDGDAAB
AFDGDBAA
AFDAGBAD
AFDAGBDA
AFDAGABD
AFDAGADB
AFDAGDBA
AFDAGDAB
AFDABGAD
AFDABGDA
AFDABAGD
AFDABADG
AFDABDGA
AFDABDAG
AFDAAGBD
AFDAAGDB
AFDAABGD
AFDAABDG
AFDAADGB
AFDAADBG
AFDADGBA
AFDADGAB
AFDADBGA
AFDADBAG
AFDADAGB
AFDADABG
AFDBGAAD
AFDBGADA
AFDBGDAA
AFDBAGAD
AFDBAGDA
AFDBAAGD
AFDBAADG
AFDBADGA
AFDBADAG
AFDBDGAA
AFDBDAGA
AFDBDAAG
AFDDGABA
AFDDGAAB
AFDDGBAA
AFDDAGBA
AFDDAGAB
AFDDABGA
AFDDABAG
AFDDAAGB
AFDDAABG
AFDDBGAA
AFDDBAGA
AFDDBAAG
AGFABADD
AGFABDAD
AGFABDDA
AGFAABDD
AGFAADBD
AGFAADDB
AGFADBAD
AGFADBDA
AGFADABD
AGFADADB
AGFADDBA
AGFADDAB
AGFBAADD
AGFBADAD
AGFBADDA
AGFBDAAD
AGFBDADA
AGFBDDAA
AGFDABAD
AGFDABDA
AGFDAABD
AGFDAADB
AGFDADBA
AGFDADAB
AGFDBAAD
AGFDBADA
AGFDBDAA
AGFDDABA
AGFDDAAB
AGFDDBAA
AGAFBADD
AGAFBDAD
AGAFBDDA
AGAFABDD
AGAFADBD
AGAFADDB
AGAFDBAD
AGAFDBDA
AGAFDABD
AGAFDADB
AGAFDDBA
AGAFDDAB
AGABFADD
AGABFDAD
AGABFDDA
AGABAFDD
AGABADFD
AGABADDF
AGABDFAD
AGABDFDA
AGABDAFD
AGABDADF
AGABDDFA
AGABDDAF
AGAAFBDD
AGAAFDBD
AGAAFDDB
AGAABFDD
AGAABDFD
AGAABDDF
AGAADFBD
AGAADFDB
AGAADBFD
AGAADBDF
AGAADDFB
AGAADDBF
AGADFBAD
AGADFBDA
AGADFABD
AGADFADB
AGADFDBA
AGADFDAB
AGADBFAD
AGADBFDA
AGADBAFD
AGADBADF
AGADBDFA
AGADBDAF
AGADAFBD
AGADAFDB
AGADABFD
AGADABDF
AGADADFB
AGADADBF
AGADDFBA
AGADDFAB
AGADDBFA
AGADDBAF
AGADDAFB
AGADDABF
AGBFAADD
AGBFADAD
AGBFADDA
AGBFDAAD
AGBFDADA
AGBFDDAA
AGBAFADD
AGBAFDAD
AGBAFDDA
AGBAAFDD
AGBAADFD
AGBAADDF
AGBADFAD
AGBADFDA
AGBADAFD
AGBADADF
AGBADDFA
AGBADDAF
AGBDFAAD
AGBDFADA
AGBDFDAA
AGBDAFAD
AGBDAFDA
AGBDAAFD
AGBDAADF
AGBDADFA
AGBDADAF
AGBDDFAA
AGBDDAFA
AGBDDAAF
AGDFABAD
AGDFABDA
AGDFAABD
AGDFAADB
AGDFADBA
AGDFADAB
AGDFBAAD
AGDFBADA
AGDFBDAA
AGDFDABA
AGDFDAAB
AGDFDBAA
AGDAFBAD
AGDAFBDA
AGDAFABD
AGDAFADB
AGDAFDBA
AGDAFDAB
AGDABFAD
AGDABFDA
AGDABAFD
AGDABADF
AGDABDFA
AGDABDAF
AGDAAFBD
AGDAAFDB
AGDAABFD
AGDAABDF
AGDAADFB
AGDAADBF
AGDADFBA
AGDADFAB
AGDADBFA
AGDADBAF
AGDADAFB
AGDADABF
AGDBFAAD
AGDBFADA
AGDBFDAA
AGDBAFAD
AGDBAFDA
AGDBAAFD
AGDBAADF
AGDBADFA
AGDBADAF
AGDBDFAA
AGDBDAFA
AGDBDAAF
AGDDFABA
AGDDFAAB
AGDDFBAA
AGDDAFBA
AGDDAFAB
AGDDABFA
AGDDABAF
AGDDAAFB
AGDDAABF
AGDDBFAA
AGDDBAFA
AGDDBAAF
AAFGBADD
AAFGBDAD
AAFGBDDA
AAFGABDD
AAFGADBD
AAFGADDB
AAFGDBAD
AAFGDBDA
AAFGDABD
AAFGDADB
AAFGDDBA
AAFGDDAB
AAFBGADD
AAFBGDAD
AAFBGDDA
AAFBAGDD
AAFBADGD
AAFBADDG
AAFBDGAD
AAFBDGDA
AAFBDAGD
AAFBDADG
AAFBDDGA
AAFBDDAG
AAFAGBDD
AAFAGDBD
AAFAGDDB
AAFABGDD
AAFABDGD
AAFABDDG
AAFADGBD
AAFADGDB
AAFADBGD
AAFADBDG
AAFADDGB
AAFADDBG
AAFDGBAD
AAFDGBDA
AAFDGABD
AAFDGADB
AAFDGDBA
AAFDGDAB
AAFDBGAD
AAFDBGDA
AAFDBAGD
AAFDBADG
AAFDBDGA
AAFDBDAG
AAFDAGBD
AAFDAGDB
AAFDABGD
AAFDABDG
AAFDADGB
AAFDADBG
AAFDDGBA
AAFDDGAB
AAFDDBGA
AAFDDBAG
AAFDDAGB
AAFDDABG
AAGFBADD
AAGFBDAD
AAGFBDDA
AAGFABDD
AAGFADBD
AAGFADDB
AAGFDBAD
AAGFDBDA
AAGFDABD
AAGFDADB
AAGFDDBA
AAGFDDAB
AAGBFADD
AAGBFDAD
AAGBFDDA
AAGBAFDD
AAGBADFD
AAGBADDF
AAGBDFAD
AAGBDFDA
AAGBDAFD
AAGBDADF
AAGBDDFA
AAGBDDAF
AAGAFBDD
AAGAFDBD
AAGAFDDB
AAGABFDD
AAGABDFD
AAGABDDF
AAGADFBD
AAGADFDB
AAGADBFD
AAGADBDF
AAGADDFB
AAGADDBF
AAGDFBAD
AAGDFBDA
AAGDFABD
AAGDFADB
AAGDFDBA
AAGDFDAB
AAGDBFAD
AAGDBFDA
AAGDBAFD
AAGDBADF
AAGDBDFA
AAGDBDAF
AAGDAFBD
AAGDAFDB
AAGDABFD
AAGDABDF
AAGDADFB
AAGDADBF
AAGDDFBA
AAGDDFAB
AAGDDBFA
AAGDDBAF
AAGDDAFB
AAGDDABF
AABFGADD
AABFGDAD
AABFGDDA
AABFAGDD
AABFADGD
AABFADDG
AABFDGAD
AABFDGDA
AABFDAGD
AABFDADG
AABFDDGA
AABFDDAG
AABGFADD
AABGFDAD
AABGFDDA
AABGAFDD
AABGADFD
AABGADDF
AABGDFAD
AABGDFDA
AABGDAFD
AABGDADF
AABGDDFA
AABGDDAF
AABAFGDD
AABAFDGD
AABAFDDG
AABAGFDD
AABAGDFD
AABAGDDF
AABADFGD
AABADFDG
AABADGFD
AABADGDF
AABADDFG
AABADDGF
AABDFGAD
AABDFGDA
AABDFAGD
AABDFADG
AABDFDGA
AABDFDAG
AABDGFAD
AABDGFDA
AABDGAFD
AABDGADF
AABDGDFA
AABDGDAF
AABDAFGD
AABDAFDG
AABDAGFD
AABDAGDF
AABDADFG
AABDADGF
AABDDFGA
AABDDFAG
AABDDGFA
AABDDGAF
AABDDAFG
AABDDAGF
AAAFGBDD
AAAFGDBD
AAAFGDDB
AAAFBGDD
AAAFBDGD
AAAFBDDG
AAAFDGBD
AAAFDGDB
AAAFDBGD
AAAFDBDG
AAAFDDGB
AAAFDDBG
AAAGFBDD
AAAGFDBD
AAAGFDDB
AAAGBFDD
AAAGBDFD
AAAGBDDF
AAAGDFBD
AAAGDFDB
AAAGDBFD
AAAGDBDF
AAAGDDFB
AAAGDDBF
AAABFGDD
AAABFDGD
AAABFDDG
AAABGFDD
AAABGDFD
AAABGDDF
AAABDFGD
AAABDFDG
AAABDGFD
AAABDGDF
AAABDDFG
AAABDDGF
AAADFGBD
AAADFGDB
AAADFBGD
AAADFBDG
AAADFDGB
AAADFDBG
AAADGFBD
AAADGFDB
AAADGBFD
AAADGBDF
AAADGDFB
AAADGDBF
AAADBFGD
AAADBFDG
AAADBGFD
AAADBGDF
AAADBDFG
AAADBDGF
AAADDFGB
AAADDFBG
AAADDGFB
AAADDGBF
AAADDBFG
AAADDBGF
AADFGBAD
AADFGBDA
AADFGABD
AADFGADB
AADFGDBA
AADFGDAB
AADFBGAD
AADFBGDA
AADFBAGD
AADFBADG
AADFBDGA
AADFBDAG
AADFAGBD
AADFAGDB
AADFABGD
AADFABDG
AADFADGB
AADFADBG
AADFDGBA
AADFDGAB
AADFDBGA
AADFDBAG
AADFDAGB
AADFDABG
AADGFBAD
AADGFBDA
AADGFABD
AADGFADB
AADGFDBA
AADGFDAB
AADGBFAD
AADGBFDA
AADGBAFD
AADGBADF
AADGBDFA
AADGBDAF
AADGAFBD
AADGAFDB
AADGABFD
AADGABDF
AADGADFB
AADGADBF
AADGDFBA
AADGDFAB
AADGDBFA
AADGDBAF
AADGDAFB
AADGDABF
AADBFGAD
AADBFGDA
AADBFAGD
AADBFADG
AADBFDGA
AADBFDAG
AADBGFAD
AADBGFDA
AADBGAFD
AADBGADF
AADBGDFA
AADBGDAF
AADBAFGD
AADBAFDG
AADBAGFD
AADBAGDF
AADBADFG
AADBADGF
AADBDFGA
AADBDFAG
AADBDGFA
AADBDGAF
AADBDAFG
AADBDAGF
AADAFGBD
AADAFGDB
AADAFBGD
AADAFBDG
AADAFDGB
AADAFDBG
AADAGFBD
AADAGFDB
AADAGBFD
AADAGBDF
AADAGDFB
AADAGDBF
AADABFGD
AADABFDG
AADABGFD
AADABGDF
AADABDFG
AADABDGF
AADADFGB
AADADFBG
AADADGFB
AADADGBF
AADADBFG
AADADBGF
AADDFGBA
AADDFGAB
AADDFBGA
AADDFBAG
AADDFAGB
AADDFABG
AADDGFBA
AADDGFAB
AADDGBFA
AADDGBAF
AADDGAFB
AADDGABF
AADDBFGA
AADDBFAG
AADDBGFA
AADDBGAF
AADDBAFG
AADDBAGF
AADDAFGB
AADDAFBG
AADDAGFB
AADDAGBF
AADDABFG
AADDABGF
ABFGAADD
ABFGADAD
ABFGADDA
ABFGDAAD
ABFGDADA
ABFGDDAA
ABFAGADD
ABFAGDAD
ABFAGDDA
ABFAAGDD
ABFAADGD
ABFAADDG
ABFADGAD
ABFADGDA
ABFADAGD
ABFADADG
ABFADDGA
ABFADDAG
ABFDGAAD
ABFDGADA
ABFDGDAA
ABFDAGAD
ABFDAGDA
ABFDAAGD
ABFDAADG
ABFDADGA
ABFDADAG
ABFDDGAA
ABFDDAGA
ABFDDAAG
ABGFAADD
ABGFADAD
ABGFADDA
ABGFDAAD
ABGFDADA
ABGFDDAA
ABGAFADD
ABGAFDAD
ABGAFDDA
ABGAAFDD
ABGAADFD
ABGAADDF
ABGADFAD
ABGADFDA
ABGADAFD
ABGADADF
ABGADDFA
ABGADDAF
ABGDFAAD
ABGDFADA
ABGDFDAA
ABGDAFAD
ABGDAFDA
ABGDAAFD
ABGDAADF
ABGDADFA
ABGDADAF
ABGDDFAA
ABGDDAFA
ABGDDAAF
ABAFGADD
ABAFGDAD
ABAFGDDA
ABAFAGDD
ABAFADGD
ABAFADDG
ABAFDGAD
ABAFDGDA
ABAFDAGD
ABAFDADG
ABAFDDGA
ABAFDDAG
ABAGFADD
ABAGFDAD
ABAGFDDA
ABAGAFDD
ABAGADFD
ABAGADDF
ABAGDFAD
ABAGDFDA
ABAGDAFD
ABAGDADF
ABAGDDFA
ABAGDDAF
ABAAFGDD
ABAAFDGD
ABAAFDDG
ABAAGFDD
ABAAGDFD
ABAAGDDF
ABAADFGD
ABAADFDG
ABAADGFD
ABAADGDF
ABAADDFG
ABAADDGF
ABADFGAD
ABADFGDA
ABADFAGD
ABADFADG
ABADFDGA
ABADFDAG
ABADGFAD
ABADGFDA
ABADGAFD
ABADGADF
ABADGDFA
ABADGDAF
ABADAFGD
ABADAFDG
ABADAGFD
ABADAGDF
ABADADFG
ABADADGF
ABADDFGA
ABADDFAG
ABADDGFA
ABADDGAF
ABADDAFG
ABADDAGF
ABDFGAAD
ABDFGADA
ABDFGDAA
ABDFAGAD
ABDFAGDA
ABDFAAGD
ABDFAADG
ABDFADGA
ABDFADAG
ABDFDGAA
ABDFDAGA
ABDFDAAG
ABDGFAAD
ABDGFADA
ABDGFDAA
ABDGAFAD
ABDGAFDA
ABDGAAFD
ABDGAADF
ABDGADFA
ABDGADAF
ABDGDFAA
ABDGDAFA
ABDGDAAF
ABDAFGAD
ABDAFGDA
ABDAFAGD
ABDAFADG
ABDAFDGA
ABDAFDAG
ABDAGFAD
ABDAGFDA
ABDAGAFD
ABDAGADF
ABDAGDFA
ABDAGDAF
ABDAAFGD
ABDAAFDG
ABDAAGFD
ABDAAGDF
ABDAADFG
ABDAADGF
ABDADFGA
ABDADFAG
ABDADGFA
ABDADGAF
ABDADAFG
ABDADAGF
ABDDFGAA
ABDDFAGA
ABDDFAAG
ABDDGFAA
ABDDGAFA
ABDDGAAF
ABDDAFGA
ABDDAFAG
ABDDAGFA
ABDDAGAF
ABDDAAFG
ABDDAAGF
ADFGABAD
ADFGABDA
ADFGAABD
ADFGAADB
ADFGADBA
ADFGADAB
ADFGBAAD
ADFGBADA
ADFGBDAA
ADFGDABA
ADFGDAAB
ADFGDBAA
ADFAGBAD
ADFAGBDA
ADFAGABD
ADFAGADB
ADFAGDBA
ADFAGDAB
ADFABGAD
ADFABGDA
ADFABAGD
ADFABADG
ADFABDGA
ADFABDAG
ADFAAGBD
ADFAAGDB
ADFAABGD
ADFAABDG
ADFAADGB
ADFAADBG
ADFADGBA
ADFADGAB
ADFADBGA
ADFADBAG
ADFADAGB
ADFADABG
ADFBGAAD
ADFBGADA
ADFBGDAA
ADFBAGAD
ADFBAGDA
ADFBAAGD
ADFBAADG
ADFBADGA
ADFBADAG
ADFBDGAA
ADFBDAGA
ADFBDAAG
ADFDGABA
ADFDGAAB
ADFDGBAA
ADFDAGBA
ADFDAGAB
ADFDABGA
ADFDABAG
ADFDAAGB
ADFDAABG
ADFDBGAA
ADFDBAGA
ADFDBAAG
ADGFABAD
ADGFABDA
ADGFAABD
ADGFAADB
ADGFADBA
ADGFADAB
ADGFBAAD
ADGFBADA
ADGFBDAA
ADGFDABA
ADGFDAAB
ADGFDBAA
ADGAFBAD
ADGAFBDA
ADGAFABD
ADGAFADB
ADGAFDBA
ADGAFDAB
ADGABFAD
ADGABFDA
ADGABAFD
ADGABADF
ADGABDFA
ADGABDAF
ADGAAFBD
ADGAAFDB
ADGAABFD
ADGAABDF
ADGAADFB
ADGAADBF
ADGADFBA
ADGADFAB
ADGADBFA
ADGADBAF
ADGADAFB
ADGADABF
ADGBFAAD
ADGBFADA
ADGBFDAA
ADGBAFAD
ADGBAFDA
ADGBAAFD
ADGBAADF
ADGBADFA
ADGBADAF
ADGBDFAA
ADGBDAFA
ADGBDAAF
ADGDFABA
ADGDFAAB
ADGDFBAA
ADGDAFBA
ADGDAFAB
ADGDABFA
ADGDABAF
ADGDAAFB
ADGDAABF
ADGDBFAA
ADGDBAFA
ADGDBAAF
ADAFGBAD
ADAFGBDA
ADAFGABD
ADAFGADB
ADAFGDBA
ADAFGDAB
ADAFBGAD
ADAFBGDA
ADAFBAGD
ADAFBADG
ADAFBDGA
ADAFBDAG
ADAFAGBD
ADAFAGDB
ADAFABGD
ADAFABDG
ADAFADGB
ADAFADBG
ADAFDGBA
ADAFDGAB
ADAFDBGA
ADAFDBAG
ADAFDAGB
ADAFDABG
ADAGFBAD
ADAGFBDA
ADAGFABD
ADAGFADB
ADAGFDBA
ADAGFDAB
ADAGBFAD
ADAGBFDA
ADAGBAFD
ADAGBADF
ADAGBDFA
ADAGBDAF
ADAGAFBD
ADAGAFDB
ADAGABFD
ADAGABDF
ADAGADFB
ADAGADBF
ADAGDFBA
ADAGDFAB
ADAGDBFA
ADAGDBAF
ADAGDAFB
ADAGDABF
ADABFGAD
ADABFGDA
ADABFAGD
ADABFADG
ADABFDGA
ADABFDAG
ADABGFAD
ADABGFDA
ADABGAFD
ADABGADF
ADABGDFA
ADABGDAF
ADABAFGD
ADABAFDG
ADABAGFD
ADABAGDF
ADABADFG
ADABADGF
ADABDFGA
ADABDFAG
ADABDGFA
ADABDGAF
ADABDAFG
ADABDAGF
ADAAFGBD
ADAAFGDB
ADAAFBGD
ADAAFBDG
ADAAFDGB
ADAAFDBG
ADAAGFBD
ADAAGFDB
ADAAGBFD
ADAAGBDF
ADAAGDFB
ADAAGDBF
ADAABFGD
ADAABFDG
ADAABGFD
ADAABGDF
ADAABDFG
ADAABDGF
ADAADFGB
ADAADFBG
ADAADGFB
ADAADGBF
ADAADBFG
ADAADBGF
ADADFGBA
ADADFGAB
ADADFBGA
ADADFBAG
ADADFAGB
ADADFABG
ADADGFBA
ADADGFAB
ADADGBFA
ADADGBAF
ADADGAFB
ADADGABF
ADADBFGA
ADADBFAG
ADADBGFA
ADADBGAF
ADADBAFG
ADADBAGF
ADADAFGB
ADADAFBG
ADADAGFB
ADADAGBF
ADADABFG
ADADABGF
ADBFGAAD
ADBFGADA
ADBFGDAA
ADBFAGAD
ADBFAGDA
ADBFAAGD
ADBFAADG
ADBFADGA
ADBFADAG
ADBFDGAA
ADBFDAGA
ADBFDAAG
ADBGFAAD
ADBGFADA
ADBGFDAA
ADBGAFAD
ADBGAFDA
ADBGAAFD
ADBGAADF
ADBGADFA
ADBGADAF
ADBGDFAA
ADBGDAFA
ADBGDAAF
ADBAFGAD
ADBAFGDA
ADBAFAGD
ADBAFADG
ADBAFDGA
ADBAFDAG
ADBAGFAD
ADBAGFDA
ADBAGAFD
ADBAGADF
ADBAGDFA
ADBAGDAF
ADBAAFGD
ADBAAFDG
ADBAAGFD
ADBAAGDF
ADBAADFG
ADBAADGF
ADBADFGA
ADBADFAG
ADBADGFA
ADBADGAF
ADBADAFG
ADBADAGF
ADBDFGAA
ADBDFAGA
ADBDFAAG
ADBDGFAA
ADBDGAFA
ADBDGAAF
ADBDAFGA
ADBDAFAG
ADBDAGFA
ADBDAGAF
ADBDAAFG
ADBDAAGF
ADDFGABA
ADDFGAAB
ADDFGBAA
ADDFAGBA
ADDFAGAB
ADDFABGA
ADDFABAG
ADDFAAGB
ADDFAABG
ADDFBGAA
ADDFBAGA
ADDFBAAG
ADDGFABA
ADDGFAAB
ADDGFBAA
ADDGAFBA
ADDGAFAB
ADDGABFA
ADDGABAF
ADDGAAFB
ADDGAABF
ADDGBFAA
ADDGBAFA
ADDGBAAF
ADDAFGBA
ADDAFGAB
ADDAFBGA
ADDAFBAG
ADDAFAGB
ADDAFABG
ADDAGFBA
ADDAGFAB
ADDAGBFA
ADDAGBAF
ADDAGAFB
ADDAGABF
ADDABFGA
ADDABFAG
ADDABGFA
ADDABGAF
ADDABAFG
ADDABAGF
ADDAAFGB
ADDAAFBG
ADDAAGFB
ADDAAGBF
ADDAABFG
ADDAABGF
ADDBFGAA
ADDBFAGA
ADDBFAAG
ADDBGFAA
ADDBGAFA
ADDBGAAF
ADDBAFGA
ADDBAFAG
ADDBAGFA
ADDBAGAF
ADDBAAFG
ADDBAAGF
FAGABADD
FAGABDAD
FAGABDDA
FAGAABDD
FAGAADBD
FAGAADDB
FAGADBAD
FAGADBDA
FAGADABD
FAGADADB
FAGADDBA
FAGADDAB
FAGBAADD
FAGBADAD
FAGBADDA
FAGBDAAD
FAGBDADA
FAGBDDAA
FAGDABAD
FAGDABDA
FAGDAABD
FAGDAADB
FAGDADBA
FAGDADAB
FAGDBAAD
FAGDBADA
FAGDBDAA
FAGDDABA
FAGDDAAB
FAGDDBAA
FAAGBADD
FAAGBDAD
FAAGBDDA
FAAGABDD
FAAGADBD
FAAGADDB
FAAGDBAD
FAAGDBDA
FAAGDABD
FAAGDADB
FAAGDDBA
FAAGDDAB
FAABGADD
FAABGDAD
FAABGDDA
FAABAGDD
FAABADGD
FAABADDG
FAABDGAD
FAABDGDA
FAABDAGD
FAABDADG
FAABDDGA
FAABDDAG
FAAAGBDD
FAAAGDBD
FAAAGDDB
FAAABGDD
FAAABDGD
FAAABDDG
FAAADGBD
FAAADGDB
FAAADBGD
FAAADBDG
FAAADDGB
FAAADDBG
FAADGBAD
FAADGBDA
FAADGABD
FAADGADB
FAADGDBA
FAADGDAB
FAADBGAD
FAADBGDA
FAADBAGD
FAADBADG
FAADBDGA
FAADBDAG
FAADAGBD
FAADAGDB
FAADABGD
FAADABDG
FAADADGB
FAADADBG
FAADDGBA
FAADDGAB
FAADDBGA
FAADDBAG
FAADDAGB
FAADDABG
FABGAADD
FABGADAD
FABGADDA
FABGDAAD
FABGDADA
FABGDDAA
FABAGADD
FABAGDAD
FABAGDDA
FABAAGDD
FABAADGD
FABAADDG
FABADGAD
FABADGDA
FABADAGD
FABADADG
FABADDGA
FABADDAG
FABDGAAD
FABDGADA
FABDGDAA
FABDAGAD
FABDAGDA
FABDAAGD
FABDAADG
FABDADGA
FABDADAG
FABDDGAA
FABDDAGA
FABDDAAG
FADGABAD
FADGABDA
FADGAABD
FADGAADB
FADGADBA
FADGADAB
FADGBAAD
FADGBADA
FADGBDAA
FADGDABA
FADGDAAB
FADGDBAA
FADAGBAD
FADAGBDA
FADAGABD
FADAGADB
FADAGDBA
FADAGDAB
FADABGAD
FADABGDA
FADABAGD
FADABADG
FADABDGA
FADABDAG
FADAAGBD
FADAAGDB
FADAABGD
FADAABDG
FADAADGB
FADAADBG
FADADGBA
FADADGAB
FADADBGA
FADADBAG
FADADAGB
FADADABG
FADBGAAD
FADBGADA
FADBGDAA
FADBAGAD
FADBAGDA
FADBAAGD
FADBAADG
FADBADGA
FADBADAG
FADBDGAA
FADBDAGA
FADBDAAG
FADDGABA
FADDGAAB
FADDGBAA
FADDAGBA
FADDAGAB
FADDABGA
FADDABAG
FADDAAGB
FADDAABG
FADDBGAA
FADDBAGA
FADDBAAG
FGAABADD
FGAABDAD
FGAABDDA
FGAAABDD
FGAAADBD
FGAAADDB
FGAADBAD
FGAADBDA
FGAADABD
FGAADADB
FGAADDBA
FGAADDAB
FGABAADD
FGABADAD
FGABADDA
FGABDAAD
FGABDADA
FGABDDAA
FGADABAD
FGADABDA
FGADAABD
FGADAADB
FGADADBA
FGADADAB
FGADBAAD
FGADBADA
FGADBDAA
FGADDABA
FGADDAAB
FGADDBAA
FGBAAADD
FGBAADAD
FGBAADDA
FGBADAAD
FGBADADA
FGBADDAA
FGBDAAAD
FGBDAADA
FGBDADAA
FGBDDAAA
FGDAABAD
FGDAABDA
FGDAAABD
FGDAAADB
FGDAADBA
FGDAADAB
FGDABAAD
FGDABADA
FGDABDAA
FGDADABA
FGDADAAB
FGDADBAA
FGDBAAAD
FGDBAADA
FGDBADAA
FGDBDAAA
FGDDAABA
FGDDAAAB
FGDDABAA
FGDDBAAA
FBAGAADD
FBAGADAD
FBAGADDA
FBAGDAAD
FBAGDADA
FBAGDDAA
FBAAGADD
FBAAGDAD
FBAAGDDA
FBAAAGDD
FBAAADGD
FBAAADDG
FBAADGAD
FBAADGDA
FBAADAGD
FBAADADG
FBAADDGA
FBAADDAG
FBADGAAD
FBADGADA
FBADGDAA
FBADAGAD
FBADAGDA
FBADAAGD
FBADAADG
FBADADGA
FBADADAG
FBADDGAA
FBADDAGA
FBADDAAG
FBGAAADD
FBGAADAD
FBGAADDA
FBGADAAD
FBGADADA
FBGADDAA
FBGDAAAD
FBGDAADA
FBGDADAA
FBGDDAAA
FBDAGAAD
FBDAGADA
FBDAGDAA
FBDAAGAD
FBDAAGDA
FBDAAAGD
FBDAAADG
FBDAADGA
FBDAADAG
FBDADGAA
FBDADAGA
FBDADAAG
FBDGAAAD
FBDGAADA
FBDGADAA
FBDGDAAA
FBDDAGAA
FBDDAAGA
FBDDAAAG
FBDDGAAA
FDAGABAD
FDAGABDA
FDAGAABD
FDAGAADB
FDAGADBA
FDAGADAB
FDAGBAAD
FDAGBADA
FDAGBDAA
FDAGDABA
FDAGDAAB
FDAGDBAA
FDAAGBAD
FDAAGBDA
FDAAGABD
FDAAGADB
FDAAGDBA
FDAAGDAB
FDAABGAD
FDAABGDA
FDAABAGD
FDAABADG
FDAABDGA
FDAABDAG
FDAAAGBD
FDAAAGDB
FDAAABGD
FDAAABDG
FDAAADGB
FDAAADBG
FDAADGBA
FDAADGAB
FDAADBGA
FDAADBAG
FDAADAGB
FDAADABG
FDABGAAD
FDABGADA
FDABGDAA
FDABAGAD
FDABAGDA
FDABAAGD
FDABAADG
FDABADGA
FDABADAG
FDABDGAA
FDABDAGA
FDABDAAG
FDADGABA
FDADGAAB
FDADGBAA
FDADAGBA
FDADAGAB
FDADABGA
FDADABAG
FDADAAGB
FDADAABG
FDADBGAA
FDADBAGA
FDADBAAG
FDGAABAD
FDGAABDA
FDGAAABD
FDGAAADB
FDGAADBA
FDGAADAB
FDGABAAD
FDGABADA
FDGABDAA
FDGADABA
FDGADAAB
FDGADBAA
FDGBAAAD
FDGBAADA
FDGBADAA
FDGBDAAA
FDGDAABA
FDGDAAAB
FDGDABAA
FDGDBAAA
FDBAGAAD
FDBAGADA
FDBAGDAA
FDBAAGAD
FDBAAGDA
FDBAAAGD
FDBAAADG
FDBAADGA
FDBAADAG
FDBADGAA
FDBADAGA
FDBADAAG
FDBGAAAD
FDBGAADA
FDBGADAA
FDBGDAAA
FDBDAGAA
FDBDAAGA
FDBDAAAG
FDBDGAAA
FDDAGABA
FDDAGAAB
FDDAGBAA
FDDAAGBA
FDDAAGAB
FDDAABGA
FDDAABAG
FDDAAAGB
FDDAAABG
FDDABGAA
FDDABAGA
FDDABAAG
FDDGAABA
FDDGAAAB
FDDGABAA
FDDGBAAA
FDDBAGAA
FDDBAAGA
FDDBAAAG
FDDBGAAA
GAFABADD
GAFABDAD
GAFABDDA
GAFAABDD
GAFAADBD
GAFAADDB
GAFADBAD
GAFADBDA
GAFADABD
GAFADADB
GAFADDBA
GAFADDAB
GAFBAADD
GAFBADAD
GAFBADDA
GAFBDAAD
GAFBDADA
GAFBDDAA
GAFDABAD
GAFDABDA
GAFDAABD
GAFDAADB
GAFDADBA
GAFDADAB
GAFDBAAD
GAFDBADA
GAFDBDAA
GAFDDABA
GAFDDAAB
GAFDDBAA
GAAFBADD
GAAFBDAD
GAAFBDDA
GAAFABDD
GAAFADBD
GAAFADDB
GAAFDBAD
GAAFDBDA
GAAFDABD
GAAFDADB
GAAFDDBA
GAAFDDAB
GAABFADD
GAABFDAD
GAABFDDA
GAABAFDD
GAABADFD
GAABADDF
GAABDFAD
GAABDFDA
GAABDAFD
GAABDADF
GAABDDFA
GAABDDAF
GAAAFBDD
GAAAFDBD
GAAAFDDB
GAAABFDD
GAAABDFD
GAAABDDF
GAAADFBD
GAAADFDB
GAAADBFD
GAAADBDF
GAAADDFB
GAAADDBF
GAADFBAD
GAADFBDA
GAADFABD
GAADFADB
GAADFDBA
GAADFDAB
GAADBFAD
GAADBFDA
GAADBAFD
GAADBADF
GAADBDFA
GAADBDAF
GAADAFBD
GAADAFDB
GAADABFD
GAADABDF
GAADADFB
GAADADBF
GAADDFBA
GAADDFAB
GAADDBFA
GAADDBAF
GAADDAFB
GAADDABF
GABFAADD
GABFADAD
GABFADDA
GABFDAAD
GABFDADA
GABFDDAA
GABAFADD
GABAFDAD
GABAFDDA
GABAAFDD
GABAADFD
GABAADDF
GABADFAD
GABADFDA
GABADAFD
GABADADF
GABADDFA
GABADDAF
GABDFAAD
GABDFADA
GABDFDAA
GABDAFAD
GABDAFDA
GABDAAFD
GABDAADF
GABDADFA
GABDADAF
GABDDFAA
GABDDAFA
GABDDAAF
GADFABAD
GADFABDA
GADFAABD
GADFAADB
GADFADBA
GADFADAB
GADFBAAD
GADFBADA
GADFBDAA
GADFDABA
GADFDAAB
GADFDBAA
GADAFBAD
GADAFBDA
GADAFABD
GADAFADB
GADAFDBA
GADAFDAB
GADABFAD
GADABFDA
GADABAFD
GADABADF
GADABDFA
GADABDAF
GADAAFBD
GADAAFDB
GADAABFD
GADAABDF
GADAADFB
GADAADBF
GADADFBA
GADADFAB
GADADBFA
GADADBAF
GADADAFB
GADADABF
GADBFAAD
GADBFADA
GADBFDAA
GADBAFAD
GADBAFDA
GADBAAFD
GADBAADF
GADBADFA
GADBADAF
GADBDFAA
GADBDAFA
GADBDAAF
GADDFABA
GADDFAAB
GADDFBAA
GADDAFBA
GADDAFAB
GADDABFA
GADDABAF
GADDAAFB
GADDAABF
GADDBFAA
GADDBAFA
GADDBAAF
GFAABADD
GFAABDAD
GFAABDDA
GFAAABDD
GFAAADBD
GFAAADDB
GFAADBAD
GFAADBDA
GFAADABD
GFAADADB
GFAADDBA
GFAADDAB
GFABAADD
GFABADAD
GFABADDA
GFABDAAD
GFABDADA
GFABDDAA
GFADABAD
GFADABDA
GFADAABD
GFADAADB
GFADADBA
GFADADAB
GFADBAAD
GFADBADA
GFADBDAA
GFADDABA
GFADDAAB
GFADDBAA
GFBAAADD
GFBAADAD
GFBAADDA
GFBADAAD
GFBADADA
GFBADDAA
GFBDAAAD
GFBDAADA
GFBDADAA
GFBDDAAA
GFDAABAD
GFDAABDA
GFDAAABD
GFDAAADB
GFDAADBA
GFDAADAB
GFDABAAD
GFDABADA
GFDABDAA
GFDADABA
GFDADAAB
GFDADBAA
GFDBAAAD
GFDBAADA
GFDBADAA
GFDBDAAA
GFDDAABA
GFDDAAAB
GFDDABAA
GFDDBAAA
GBAFAADD
GBAFADAD
GBAFADDA
GBAFDAAD
GBAFDADA
GBAFDDAA
GBAAFADD
GBAAFDAD
GBAAFDDA
GBAAAFDD
GBAAADFD
GBAAADDF
GBAADFAD
GBAADFDA
GBAADAFD
GBAADADF
GBAADDFA
GBAADDAF
GBADFAAD
GBADFADA
GBADFDAA
GBADAFAD
GBADAFDA
GBADAAFD
GBADAADF
GBADADFA
GBADADAF
GBADDFAA
GBADDAFA
GBADDAAF
GBFAAADD
GBFAADAD
GBFAADDA
GBFADAAD
GBFADADA
GBFADDAA
GBFDAAAD
GBFDAADA
GBFDADAA
GBFDDAAA
GBDAFAAD
GBDAFADA
GBDAFDAA
GBDAAFAD
GBDAAFDA
GBDAAAFD
GBDAAADF
GBDAADFA
GBDAADAF
GBDADFAA
GBDADAFA
GBDADAAF
GBDFAAAD
GBDFAADA
GBDFADAA
GBDFDAAA
GBDDAFAA
GBDDAAFA
GBDDAAAF
GBDDFAAA
GDAFABAD
GDAFABDA
GDAFAABD
GDAFAADB
GDAFADBA
GDAFADAB
GDAFBAAD
GDAFBADA
GDAFBDAA
GDAFDABA
GDAFDAAB
GDAFDBAA
GDAAFBAD
GDAAFBDA
GDAAFABD
GDAAFADB
GDAAFDBA
GDAAFDAB
GDAABFAD
GDAABFDA
GDAABAFD
GDAABADF
GDAABDFA
GDAABDAF
GDAAAFBD
GDAAAFDB
GDAAABFD
GDAAABDF
GDAAADFB
GDAAADBF
GDAADFBA
GDAADFAB
GDAADBFA
GDAADBAF
GDAADAFB
GDAADABF
GDABFAAD
GDABFADA
GDABFDAA
GDABAFAD
GDABAFDA
GDABAAFD
GDABAADF
GDABADFA
GDABADAF
GDABDFAA
GDABDAFA
GDABDAAF
GDADFABA
GDADFAAB
GDADFBAA
GDADAFBA
GDADAFAB
GDADABFA
GDADABAF
GDADAAFB
GDADAABF
GDADBFAA
GDADBAFA
GDADBAAF
GDFAABAD
GDFAABDA
GDFAAABD
GDFAAADB
GDFAADBA
GDFAADAB
GDFABAAD
GDFABADA
GDFABDAA
GDFADABA
GDFADAAB
GDFADBAA
GDFBAAAD
GDFBAADA
GDFBADAA
GDFBDAAA
GDFDAABA
GDFDAAAB
GDFDABAA
GDFDBAAA
GDBAFAAD
GDBAFADA
GDBAFDAA
GDBAAFAD
GDBAAFDA
GDBAAAFD
GDBAAADF
GDBAADFA
GDBAADAF
GDBADFAA
GDBADAFA
GDBADAAF
GDBFAAAD
GDBFAADA
GDBFADAA
GDBFDAAA
GDBDAFAA
GDBDAAFA
GDBDAAAF
GDBDFAAA
GDDAFABA
GDDAFAAB
GDDAFBAA
GDDAAFBA
GDDAAFAB
GDDAABFA
GDDAABAF
GDDAAAFB
GDDAAABF
GDDABFAA
GDDABAFA
GDDABAAF
GDDFAABA
GDDFAAAB
GDDFABAA
GDDFBAAA
GDDBAFAA
GDDBAAFA
GDDBAAAF
GDDBFAAA
BAFGAADD
BAFGADAD
BAFGADDA
BAFGDAAD
BAFGDADA
BAFGDDAA
BAFAGADD
BAFAGDAD
BAFAGDDA
BAFAAGDD
BAFAADGD
BAFAADDG
BAFADGAD
BAFADGDA
BAFADAGD
BAFADADG
BAFADDGA
BAFADDAG
BAFDGAAD
BAFDGADA
BAFDGDAA
BAFDAGAD
BAFDAGDA
BAFDAAGD
BAFDAADG
BAFDADGA
BAFDADAG
BAFDDGAA
BAFDDAGA
BAFDDAAG
BAGFAADD
BAGFADAD
BAGFADDA
BAGFDAAD
BAGFDADA
BAGFDDAA
BAGAFADD
BAGAFDAD
BAGAFDDA
BAGAAFDD
BAGAADFD
BAGAADDF
BAGADFAD
BAGADFDA
BAGADAFD
BAGADADF
BAGADDFA
BAGADDAF
BAGDFAAD
BAGDFADA
BAGDFDAA
BAGDAFAD
BAGDAFDA
BAGDAAFD
BAGDAADF
BAGDADFA
BAGDADAF
BAGDDFAA
BAGDDAFA
BAGDDAAF
BAAFGADD
BAAFGDAD
BAAFGDDA
BAAFAGDD
BAAFADGD
BAAFADDG
BAAFDGAD
BAAFDGDA
BAAFDAGD
BAAFDADG
BAAFDDGA
BAAFDDAG
BAAGFADD
BAAGFDAD
BAAGFDDA
BAAGAFDD
BAAGADFD
BAAGADDF
BAAGDFAD
BAAGDFDA
BAAGDAFD
BAAGDADF
BAAGDDFA
BAAGDDAF
BAAAFGDD
BAAAFDGD
BAAAFDDG
BAAAGFDD
BAAAGDFD
BAAAGDDF
BAAADFGD
BAAADFDG
BAAADGFD
BAAADGDF
BAAADDFG
BAAADDGF
BAADFGAD
BAADFGDA
BAADFAGD
BAADFADG
BAADFDGA
BAADFDAG
BAADGFAD
BAADGFDA
BAADGAFD
BAADGADF
BAADGDFA
BAADGDAF
BAADAFGD
BAADAFDG
BAADAGFD
BAADAGDF
BAADADFG
BAADADGF
BAADDFGA
BAADDFAG
BAADDGFA
BAADDGAF
BAADDAFG
BAADDAGF
BADFGAAD
BADFGADA
BADFGDAA
BADFAGAD
BADFAGDA
BADFAAGD
BADFAADG
BADFADGA
BADFADAG
BADFDGAA
BADFDAGA
BADFDAAG
BADGFAAD
BADGFADA
BADGFDAA
BADGAFAD
BADGAFDA
BADGAAFD
BADGAADF
BADGADFA
BADGADAF
BADGDFAA
BADGDAFA
BADGDAAF
BADAFGAD
BADAFGDA
BADAFAGD
BADAFADG
BADAFDGA
BADAFDAG
BADAGFAD
BADAGFDA
BADAGAFD
BADAGADF
BADAGDFA
BADAGDAF
BADAAFGD
BADAAFDG
BADAAGFD
BADAAGDF
BADAADFG
BADAADGF
BADADFGA
BADADFAG
BADADGFA
BADADGAF
BADADAFG
BADADAGF
BADDFGAA
BADDFAGA
BADDFAAG
BADDGFAA
BADDGAFA
BADDGAAF
BADDAFGA
BADDAFAG
BADDAGFA
BADDAGAF
BADDAAFG
BADDAAGF
BFAGAADD
BFAGADAD
BFAGADDA
BFAGDAAD
BFAGDADA
BFAGDDAA
BFAAGADD
BFAAGDAD
BFAAGDDA
BFAAAGDD
BFAAADGD
BFAAADDG
BFAADGAD
BFAADGDA
BFAADAGD
BFAADADG
BFAADDGA
BFAADDAG
BFADGAAD
BFADGADA
BFADGDAA
BFADAGAD
BFADAGDA
BFADAAGD
BFADAADG
BFADADGA
BFADADAG
BFADDGAA
BFADDAGA
BFADDAAG
BFGAAADD
BFGAADAD
BFGAADDA
BFGADAAD
BFGADADA
BFGADDAA
BFGDAAAD
BFGDAADA
BFGDADAA
BFGDDAAA
BFDAGAAD
BFDAGADA
BFDAGDAA
BFDAAGAD
BFDAAGDA
BFDAAAGD
BFDAAADG
BFDAADGA
BFDAADAG
BFDADGAA
BFDADAGA
BFDADAAG
BFDGAAAD
BFDGAADA
BFDGADAA
BFDGDAAA
BFDDAGAA
BFDDAAGA
BFDDAAAG
BFDDGAAA
BGAFAADD
BGAFADAD
BGAFADDA
BGAFDAAD
BGAFDADA
BGAFDDAA
BGAAFADD
BGAAFDAD
BGAAFDDA
BGAAAFDD
BGAAADFD
BGAAADDF
BGAADFAD
BGAADFDA
BGAADAFD
BGAADADF
BGAADDFA
BGAADDAF
BGADFAAD
BGADFADA
BGADFDAA
BGADAFAD
BGADAFDA
BGADAAFD
BGADAADF
BGADADFA
BGADADAF
BGADDFAA
BGADDAFA
BGADDAAF
BGFAAADD
BGFAADAD
BGFAADDA
BGFADAAD
BGFADADA
BGFADDAA
BGFDAAAD
BGFDAADA
BGFDADAA
BGFDDAAA
BGDAFAAD
BGDAFADA
BGDAFDAA
BGDAAFAD
BGDAAFDA
BGDAAAFD
BGDAAADF
BGDAADFA
BGDAADAF
BGDADFAA
BGDADAFA
BGDADAAF
BGDFAAAD
BGDFAADA
BGDFADAA
BGDFDAAA
BGDDAFAA
BGDDAAFA
BGDDAAAF
BGDDFAAA
BDAFGAAD
BDAFGADA
BDAFGDAA
BDAFAGAD
BDAFAGDA
BDAFAAGD
BDAFAADG
BDAFADGA
BDAFADAG
BDAFDGAA
BDAFDAGA
BDAFDAAG
BDAGFAAD
BDAGFADA
BDAGFDAA
BDAGAFAD
BDAGAFDA
BDAGAAFD
BDAGAADF
BDAGADFA
BDAGADAF
BDAGDFAA
BDAGDAFA
BDAGDAAF
BDAAFGAD
BDAAFGDA
BDAAFAGD
BDAAFADG
BDAAFDGA
BDAAFDAG
BDAAGFAD
BDAAGFDA
BDAAGAFD
BDAAGADF
BDAAGDFA
BDAAGDAF
BDAAAFGD
BDAAAFDG
BDAAAGFD
BDAAAGDF
BDAAADFG
BDAAADGF
BDAADFGA
BDAADFAG
BDAADGFA
BDAADGAF
BDAADAFG
BDAADAGF
BDADFGAA
BDADFAGA
BDADFAAG
BDADGFAA
BDADGAFA
BDADGAAF
BDADAFGA
BDADAFAG
BDADAGFA
BDADAGAF
BDADAAFG
BDADAAGF
BDFAGAAD
BDFAGADA
BDFAGDAA
BDFAAGAD
BDFAAGDA
BDFAAAGD
BDFAAADG
BDFAADGA
BDFAADAG
BDFADGAA
BDFADAGA
BDFADAAG
BDFGAAAD
BDFGAADA
BDFGADAA
BDFGDAAA
BDFDAGAA
BDFDAAGA
BDFDAAAG
BDFDGAAA
BDGAFAAD
BDGAFADA
BDGAFDAA
BDGAAFAD
BDGAAFDA
BDGAAAFD
BDGAAADF
BDGAADFA
BDGAADAF
BDGADFAA
BDGADAFA
BDGADAAF
BDGFAAAD
BDGFAADA
BDGFADAA
BDGFDAAA
BDGDAFAA
BDGDAAFA
BDGDAAAF
BDGDFAAA
BDDAFGAA
BDDAFAGA
BDDAFAAG
BDDAGFAA
BDDAGAFA
BDDAGAAF
BDDAAFGA
BDDAAFAG
BDDAAGFA
BDDAAGAF
BDDAAAFG
BDDAAAGF
BDDFAGAA
BDDFAAGA
BDDFAAAG
BDDFGAAA
BDDGAFAA
BDDGAAFA
BDDGAAAF
BDDGFAAA
DAFGABAD
DAFGABDA
DAFGAABD
DAFGAADB
DAFGADBA
DAFGADAB
DAFGBAAD
DAFGBADA
DAFGBDAA
DAFGDABA
DAFGDAAB
DAFGDBAA
DAFAGBAD
DAFAGBDA
DAFAGABD
DAFAGADB
DAFAGDBA
DAFAGDAB
DAFABGAD
DAFABGDA
DAFABAGD
DAFABADG
DAFABDGA
DAFABDAG
DAFAAGBD
DAFAAGDB
DAFAABGD
DAFAABDG
DAFAADGB
DAFAADBG
DAFADGBA
DAFADGAB
DAFADBGA
DAFADBAG
DAFADAGB
DAFADABG
DAFBGAAD
DAFBGADA
DAFBGDAA
DAFBAGAD
DAFBAGDA
DAFBAAGD
DAFBAADG
DAFBADGA
DAFBADAG
DAFBDGAA
DAFBDAGA
DAFBDAAG
DAFDGABA
DAFDGAAB
DAFDGBAA
DAFDAGBA
DAFDAGAB
DAFDABGA
DAFDABAG
DAFDAAGB
DAFDAABG
DAFDBGAA
DAFDBAGA
DAFDBAAG
DAGFABAD
DAGFABDA
DAGFAABD
DAGFAADB
DAGFADBA
DAGFADAB
DAGFBAAD
DAGFBADA
DAGFBDAA
DAGFDABA
DAGFDAAB
DAGFDBAA
DAGAFBAD
DAGAFBDA
DAGAFABD
DAGAFADB
DAGAFDBA
DAGAFDAB
DAGABFAD
DAGABFDA
DAGABAFD
DAGABADF
DAGABDFA
DAGABDAF
DAGAAFBD
DAGAAFDB
DAGAABFD
DAGAABDF
DAGAADFB
DAGAADBF
DAGADFBA
DAGADFAB
DAGADBFA
DAGADBAF
DAGADAFB
DAGADABF
DAGBFAAD
DAGBFADA
DAGBFDAA
DAGBAFAD
DAGBAFDA
DAGBAAFD
DAGBAADF
DAGBADFA
DAGBADAF
DAGBDFAA
DAGBDAFA
DAGBDAAF
DAGDFABA
DAGDFAAB
DAGDFBAA
DAGDAFBA
DAGDAFAB
DAGDABFA
DAGDABAF
DAGDAAFB
DAGDAABF
DAGDBFAA
DAGDBAFA
DAGDBAAF
DAAFGBAD
DAAFGBDA
DAAFGABD
DAAFGADB
DAAFGDBA
DAAFGDAB
DAAFBGAD
DAAFBGDA
DAAFBAGD
DAAFBADG
DAAFBDGA
DAAFBDAG
DAAFAGBD
DAAFAGDB
DAAFABGD
DAAFABDG
DAAFADGB
DAAFADBG
DAAFDGBA
DAAFDGAB
DAAFDBGA
DAAFDBAG
DAAFDAGB
DAAFDABG
DAAGFBAD
DAAGFBDA
DAAGFABD
DAAGFADB
DAAGFDBA
DAAGFDAB
DAAGBFAD
DAAGBFDA
DAAGBAFD
DAAGBADF
DAAGBDFA
DAAGBDAF
DAAGAFBD
DAAGAFDB
DAAGABFD
DAAGABDF
DAAGADFB
DAAGADBF
DAAGDFBA
DAAGDFAB
DAAGDBFA
DAAGDBAF
DAAGDAFB
DAAGDABF
DAABFGAD
DAABFGDA
DAABFAGD
DAABFADG
DAABFDGA
DAABFDAG
DAABGFAD
DAABGFDA
DAABGAFD
DAABGADF
DAABGDFA
DAABGDAF
DAABAFGD
DAABAFDG
DAABAGFD
DAABAGDF
DAABADFG
DAABADGF
DAABDFGA
DAABDFAG
DAABDGFA
DAABDGAF
DAABDAFG
DAABDAGF
DAAAFGBD
DAAAFGDB
DAAAFBGD
DAAAFBDG
DAAAFDGB
DAAAFDBG
DAAAGFBD
DAAAGFDB
DAAAGBFD
DAAAGBDF
DAAAGDFB
DAAAGDBF
DAAABFGD
DAAABFDG
DAAABGFD
DAAABGDF
DAAABDFG
DAAABDGF
DAAADFGB
DAAADFBG
DAAADGFB
DAAADGBF
DAAADBFG
DAAADBGF
DAADFGBA
DAADFGAB
DAADFBGA
DAADFBAG
DAADFAGB
DAADFABG
DAADGFBA
DAADGFAB
DAADGBFA
DAADGBAF
DAADGAFB
DAADGABF
DAADBFGA
DAADBFAG
DAADBGFA
DAADBGAF
DAADBAFG
DAADBAGF
DAADAFGB
DAADAFBG
DAADAGFB
DAADAGBF
DAADABFG
DAADABGF
DABFGAAD
DABFGADA
DABFGDAA
DABFAGAD
DABFAGDA
DABFAAGD
DABFAADG
DABFADGA
DABFADAG
DABFDGAA
DABFDAGA
DABFDAAG
DABGFAAD
DABGFADA
DABGFDAA
DABGAFAD
DABGAFDA
DABGAAFD
DABGAADF
DABGADFA
DABGADAF
DABGDFAA
DABGDAFA
DABGDAAF
DABAFGAD
DABAFGDA
DABAFAGD
DABAFADG
DABAFDGA
DABAFDAG
DABAGFAD
DABAGFDA
DABAGAFD
DABAGADF
DABAGDFA
DABAGDAF
DABAAFGD
DABAAFDG
DABAAGFD
DABAAGDF
DABAADFG
DABAADGF
DABADFGA
DABADFAG
DABADGFA
DABADGAF
DABADAFG
DABADAGF
DABDFGAA
DABDFAGA
DABDFAAG
DABDGFAA
DABDGAFA
DABDGAAF
DABDAFGA
DABDAFAG
DABDAGFA
DABDAGAF
DABDAAFG
DABDAAGF
DADFGABA
DADFGAAB
DADFGBAA
DADFAGBA
DADFAGAB
DADFABGA
DADFABAG
DADFAAGB
DADFAABG
DADFBGAA
DADFBAGA
DADFBAAG
DADGFABA
DADGFAAB
DADGFBAA
DADGAFBA
DADGAFAB
DADGABFA
DADGABAF
DADGAAFB
DADGAABF
DADGBFAA
DADGBAFA
DADGBAAF
DADAFGBA
DADAFGAB
DADAFBGA
DADAFBAG
DADAFAGB
DADAFABG
DADAGFBA
DADAGFAB
DADAGBFA
DADAGBAF
DADAGAFB
DADAGABF
DADABFGA
DADABFAG
DADABGFA
DADABGAF
DADABAFG
DADABAGF
DADAAFGB
DADAAFBG
DADAAGFB
DADAAGBF
DADAABFG
DADAABGF
DADBFGAA
DADBFAGA
DADBFAAG
DADBGFAA
DADBGAFA
DADBGAAF
DADBAFGA
DADBAFAG
DADBAGFA
DADBAGAF
DADBAAFG
DADBAAGF
DFAGABAD
DFAGABDA
DFAGAABD
DFAGAADB
DFAGADBA
DFAGADAB
DFAGBAAD
DFAGBADA
DFAGBDAA
DFAGDABA
DFAGDAAB
DFAGDBAA
DFAAGBAD
DFAAGBDA
DFAAGABD
DFAAGADB
DFAAGDBA
DFAAGDAB
DFAABGAD
DFAABGDA
DFAABAGD
DFAABADG
DFAABDGA
DFAABDAG
DFAAAGBD
DFAAAGDB
DFAAABGD
DFAAABDG
DFAAADGB
DFAAADBG
DFAADGBA
DFAADGAB
DFAADBGA
DFAADBAG
DFAADAGB
DFAADABG
DFABGAAD
DFABGADA
DFABGDAA
DFABAGAD
DFABAGDA
DFABAAGD
DFABAADG
DFABADGA
DFABADAG
DFABDGAA
DFABDAGA
DFABDAAG
DFADGABA
DFADGAAB
DFADGBAA
DFADAGBA
DFADAGAB
DFADABGA
DFADABAG
DFADAAGB
DFADAABG
DFADBGAA
DFADBAGA
DFADBAAG
DFGAABAD
DFGAABDA
DFGAAABD
DFGAAADB
DFGAADBA
DFGAADAB
DFGABAAD
DFGABADA
DFGABDAA
DFGADABA
DFGADAAB
DFGADBAA
DFGBAAAD
DFGBAADA
DFGBADAA
DFGBDAAA
DFGDAABA
DFGDAAAB
DFGDABAA
DFGDBAAA
DFBAGAAD
DFBAGADA
DFBAGDAA
DFBAAGAD
DFBAAGDA
DFBAAAGD
DFBAAADG
DFBAADGA
DFBAADAG
DFBADGAA
DFBADAGA
DFBADAAG
DFBGAAAD
DFBGAADA
DFBGADAA
DFBGDAAA
DFBDAGAA
DFBDAAGA
DFBDAAAG
DFBDGAAA
DFDAGABA
DFDAGAAB
DFDAGBAA
DFDAAGBA
DFDAAGAB
DFDAABGA
DFDAABAG
DFDAAAGB
DFDAAABG
DFDABGAA
DFDABAGA
DFDABAAG
DFDGAABA
DFDGAAAB
DFDGABAA
DFDGBAAA
DFDBAGAA
DFDBAAGA
DFDBAAAG
DFDBGAAA
DGAFABAD
DGAFABDA
DGAFAABD
DGAFAADB
DGAFADBA
DGAFADAB
DGAFBAAD
DGAFBADA
DGAFBDAA
DGAFDABA
DGAFDAAB
DGAFDBAA
DGAAFBAD
DGAAFBDA
DGAAFABD
DGAAFADB
DGAAFDBA
DGAAFDAB
DGAABFAD
DGAABFDA
DGAABAFD
DGAABADF
DGAABDFA
DGAABDAF
DGAAAFBD
DGAAAFDB
DGAAABFD
DGAAABDF
DGAAADFB
DGAAADBF
DGAADFBA
DGAADFAB
DGAADBFA
DGAADBAF
DGAADAFB
DGAADABF
DGABFAAD
DGABFADA
DGABFDAA
DGABAFAD
DGABAFDA
DGABAAFD
DGABAADF
DGABADFA
DGABADAF
DGABDFAA
DGABDAFA
DGABDAAF
DGADFABA
DGADFAAB
DGADFBAA
DGADAFBA
DGADAFAB
DGADABFA
DGADABAF
DGADAAFB
DGADAABF
DGADBFAA
DGADBAFA
DGADBAAF
DGFAABAD
DGFAABDA
DGFAAABD
DGFAAADB
DGFAADBA
DGFAADAB
DGFABAAD
DGFABADA
DGFABDAA
DGFADABA
DGFADAAB
DGFADBAA
DGFBAAAD
DGFBAADA
DGFBADAA
DGFBDAAA
DGFDAABA
DGFDAAAB
DGFDABAA
DGFDBAAA
DGBAFAAD
DGBAFADA
DGBAFDAA
DGBAAFAD
DGBAAFDA
DGBAAAFD
DGBAAADF
DGBAADFA
DGBAADAF
DGBADFAA
DGBADAFA
DGBADAAF
DGBFAAAD
DGBFAADA
DGBFADAA
DGBFDAAA
DGBDAFAA
DGBDAAFA
DGBDAAAF
DGBDFAAA
DGDAFABA
DGDAFAAB
DGDAFBAA
DGDAAFBA
DGDAAFAB
DGDAABFA
DGDAABAF
DGDAAAFB
DGDAAABF
DGDABFAA
DGDABAFA
DGDABAAF
DGDFAABA
DGDFAAAB
DGDFABAA
DGDFBAAA
DGDBAFAA
DGDBAAFA
DGDBAAAF
DGDBFAAA
DBAFGAAD
DBAFGADA
DBAFGDAA
DBAFAGAD
DBAFAGDA
DBAFAAGD
DBAFAADG
DBAFADGA
DBAFADAG
DBAFDGAA
DBAFDAGA
DBAFDAAG
DBAGFAAD
DBAGFADA
DBAGFDAA
DBAGAFAD
DBAGAFDA
DBAGAAFD
DBAGAADF
DBAGADFA
DBAGADAF
DBAGDFAA
DBAGDAFA
DBAGDAAF
DBAAFGAD
DBAAFGDA
DBAAFAGD
DBAAFADG
DBAAFDGA
DBAAFDAG
DBAAGFAD
DBAAGFDA
DBAAGAFD
DBAAGADF
DBAAGDFA
DBAAGDAF
DBAAAFGD
DBAAAFDG
DBAAAGFD
DBAAAGDF
DBAAADFG
DBAAADGF
DBAADFGA
DBAADFAG
DBAADGFA
DBAADGAF
DBAADAFG
DBAADAGF
DBADFGAA
DBADFAGA
DBADFAAG
DBADGFAA
DBADGAFA
DBADGAAF
DBADAFGA
DBADAFAG
DBADAGFA
DBADAGAF
DBADAAFG
DBADAAGF
DBFAGAAD
DBFAGADA
DBFAGDAA
DBFAAGAD
DBFAAGDA
DBFAAAGD
DBFAAADG
DBFAADGA
DBFAADAG
DBFADGAA
DBFADAGA
DBFADAAG
DBFGAAAD
DBFGAADA
DBFGADAA
DBFGDAAA
DBFDAGAA
DBFDAAGA
DBFDAAAG
DBFDGAAA
DBGAFAAD
DBGAFADA
DBGAFDAA
DBGAAFAD
DBGAAFDA
DBGAAAFD
DBGAAADF
DBGAADFA
DBGAADAF
DBGADFAA
DBGADAFA
DBGADAAF
DBGFAAAD
DBGFAADA
DBGFADAA
DBGFDAAA
DBGDAFAA
DBGDAAFA
DBGDAAAF
DBGDFAAA
DBDAFGAA
DBDAFAGA
DBDAFAAG
DBDAGFAA
DBDAGAFA
DBDAGAAF
DBDAAFGA
DBDAAFAG
DBDAAGFA
DBDAAGAF
DBDAAAFG
DBDAAAGF
DBDFAGAA
DBDFAAGA
DBDFAAAG
DBDFGAAA
DBDGAFAA
DBDGAAFA
DBDGAAAF
DBDGFAAA
DDAFGABA
DDAFGAAB
DDAFGBAA
DDAFAGBA
DDAFAGAB
DDAFABGA
DDAFABAG
DDAFAAGB
DDAFAABG
DDAFBGAA
DDAFBAGA
DDAFBAAG
DDAGFABA
DDAGFAAB
DDAGFBAA
DDAGAFBA
DDAGAFAB
DDAGABFA
DDAGABAF
DDAGAAFB
DDAGAABF
DDAGBFAA
DDAGBAFA
DDAGBAAF
DDAAFGBA
DDAAFGAB
DDAAFBGA
DDAAFBAG
DDAAFAGB
DDAAFABG
DDAAGFBA
DDAAGFAB
DDAAGBFA
DDAAGBAF
DDAAGAFB
DDAAGABF
DDAABFGA
DDAABFAG
DDAABGFA
DDAABGAF
DDAABAFG
DDAABAGF
DDAAAFGB
DDAAAFBG
DDAAAGFB
DDAAAGBF
DDAAABFG
DDAAABGF
DDABFGAA
DDABFAGA
DDABFAAG
DDABGFAA
DDABGAFA
DDABGAAF
DDABAFGA
DDABAFAG
DDABAGFA
DDABAGAF
DDABAAFG
DDABAAGF
DDFAGABA
DDFAGAAB
DDFAGBAA
DDFAAGBA
DDFAAGAB
DDFAABGA
DDFAABAG
DDFAAAGB
DDFAAABG
DDFABGAA
DDFABAGA
DDFABAAG
DDFGAABA
DDFGAAAB
DDFGABAA
DDFGBAAA
DDFBAGAA
DDFBAAGA
DDFBAAAG
DDFBGAAA
DDGAFABA
DDGAFAAB
DDGAFBAA
DDGAAFBA
DDGAAFAB
DDGAABFA
DDGAABAF
DDGAAAFB
DDGAAABF
DDGABFAA
DDGABAFA
DDGABAAF
DDGFAABA
DDGFAAAB
DDGFABAA
DDGFBAAA
DDGBAFAA
DDGBAAFA
DDGBAAAF
DDGBFAAA
DDBAFGAA
DDBAFAGA
DDBAFAAG
DDBAGFAA
DDBAGAFA
DDBAGAAF
DDBAAFGA
DDBAAFAG
DDBAAGFA
DDBAAGAF
DDBAAAFG
DDBAAAGF
DDBFAGAA
DDBFAAGA
DDBFAAAG
DDBFGAAA
DDBGAFAA
DDBGAAFA
DDBGAAAF
DDBGFAAA
